1663036423065	geckodriver	INFO	Listening on 127.0.0.1:50159
1663036423104	mozrunner::runner	INFO	Running command: "/usr/bin/firefox" "--marionette" "-no-remote" "-profile" "/tmp/rust_mozprofileAJpFzd"
1663036423366	Marionette	INFO	Marionette enabled
1663036423368	Marionette	INFO	Listening on port 37745
Read port: 37745
1663036423428	RemoteAgent	WARN	TLS certificate errors will be ignored for this session
console.warn: SearchSettings: "get: No settings file exists, new profile?" (new NotFoundError("Could not open the file at /tmp/rust_mozprofileAJpFzd/search.json.mozlz4", (void 0)))
Missing chrome or resource URL: resource://gre/modules/UpdateListener.jsm
Missing chrome or resource URL: resource://gre/modules/UpdateListener.sys.mjs
console.warn: LoginRecipes: "getRecipes: falling back to a synchronous message for:" "https://application.bnuz.edu.cn"
ATTENTION: default value of option mesa_glthread overridden by environment.
JavaScript warning: https://webapi.amap.com/maps?v=2.0&key=fec8fbbe785f9213b170e99c753ca995, line 1: WEBGL_debug_renderer_info is deprecated in Firefox and will be removed. Please use RENDERER.
1663036433245	Marionette	INFO	Stopped listening on port 37745
Missing chrome or resource URL: resource://gre/modules/UpdateListener.jsm
Missing chrome or resource URL: resource://gre/modules/UpdateListener.sys.mjs
console.error: "Error during quit-application-granted: [Exception... \"File error: Not found\"  nsresult: \"0x80520012 (NS_ERROR_FILE_NOT_FOUND)\"  location: \"JS frame :: resource:///modules/BrowserGlue.jsm :: _onQuitApplicationGranted/tasks< :: line 2006\"  data: no]"
JavaScript error: resource://gre/modules/Prompter.jsm, line 1189: NS_ERROR_NOT_AVAILABLE: prompt aborted by user
Sandbox: Unexpected EOF, op 0 flags 00 path /proc/cpuinfo
1663036433489	geckodriver	INFO	Listening on 127.0.0.1:42067
1663036434530	mozrunner::runner	INFO	Running command: "/usr/bin/firefox" "--marionette" "-no-remote" "-profile" "/tmp/rust_mozprofileuARN2o"
1663036434812	Marionette	INFO	Marionette enabled
1663036434814	Marionette	INFO	Listening on port 34353
Read port: 34353
1663036434867	RemoteAgent	WARN	TLS certificate errors will be ignored for this session
console.warn: SearchSettings: "get: No settings file exists, new profile?" (new NotFoundError("Could not open the file at /tmp/rust_mozprofileuARN2o/search.json.mozlz4", (void 0)))
Missing chrome or resource URL: resource://gre/modules/UpdateListener.jsm
Missing chrome or resource URL: resource://gre/modules/UpdateListener.sys.mjs
console.warn: LoginRecipes: "getRecipes: falling back to a synchronous message for:" "https://application.bnuz.edu.cn"
ATTENTION: default value of option mesa_glthread overridden by environment.
JavaScript warning: https://webapi.amap.com/maps?v=2.0&key=fec8fbbe785f9213b170e99c753ca995, line 1: WEBGL_debug_renderer_info is deprecated in Firefox and will be removed. Please use RENDERER.
1663036445346	Marionette	INFO	Stopped listening on port 34353
Missing chrome or resource URL: resource://gre/modules/UpdateListener.jsm
Missing chrome or resource URL: resource://gre/modules/UpdateListener.sys.mjs
console.error: "Error during quit-application-granted: [Exception... \"File error: Not found\"  nsresult: \"0x80520012 (NS_ERROR_FILE_NOT_FOUND)\"  location: \"JS frame :: resource:///modules/BrowserGlue.jsm :: _onQuitApplicationGranted/tasks< :: line 2006\"  data: no]"
JavaScript error: resource://gre/modules/Prompter.jsm, line 1189: NS_ERROR_NOT_AVAILABLE: prompt aborted by user
1663036445589	geckodriver	INFO	Listening on 127.0.0.1:47015
1663036446627	mozrunner::runner	INFO	Running command: "/usr/bin/firefox" "--marionette" "-no-remote" "-profile" "/tmp/rust_mozprofile0r8p69"
1663036446908	Marionette	INFO	Marionette enabled
1663036446910	Marionette	INFO	Listening on port 38573
Read port: 38573
1663036446963	RemoteAgent	WARN	TLS certificate errors will be ignored for this session
console.warn: SearchSettings: "get: No settings file exists, new profile?" (new NotFoundError("Could not open the file at /tmp/rust_mozprofile0r8p69/search.json.mozlz4", (void 0)))
Missing chrome or resource URL: resource://gre/modules/UpdateListener.jsm
Missing chrome or resource URL: resource://gre/modules/UpdateListener.sys.mjs
console.warn: LoginRecipes: "getRecipes: falling back to a synchronous message for:" "https://application.bnuz.edu.cn"
ATTENTION: default value of option mesa_glthread overridden by environment.
JavaScript warning: https://webapi.amap.com/maps?v=2.0&key=fec8fbbe785f9213b170e99c753ca995, line 1: WEBGL_debug_renderer_info is deprecated in Firefox and will be removed. Please use RENDERER.
1663036456877	Marionette	INFO	Stopped listening on port 38573
Missing chrome or resource URL: resource://gre/modules/UpdateListener.jsm
Missing chrome or resource URL: resource://gre/modules/UpdateListener.sys.mjs
console.error: "Error during quit-application-granted: [Exception... \"File error: Not found\"  nsresult: \"0x80520012 (NS_ERROR_FILE_NOT_FOUND)\"  location: \"JS frame :: resource:///modules/BrowserGlue.jsm :: _onQuitApplicationGranted/tasks< :: line 2006\"  data: no]"
JavaScript error: resource://gre/modules/Prompter.jsm, line 1189: NS_ERROR_NOT_AVAILABLE: prompt aborted by user
1663036457223	geckodriver	INFO	Listening on 127.0.0.1:54777
1663036457247	mozrunner::runner	INFO	Running command: "/usr/bin/firefox" "--marionette" "-no-remote" "-profile" "/tmp/rust_mozprofileVsvwGO"
1663036457521	Marionette	INFO	Marionette enabled
1663036457523	Marionette	INFO	Listening on port 42881
Read port: 42881
1663036457576	RemoteAgent	WARN	TLS certificate errors will be ignored for this session
console.warn: SearchSettings: "get: No settings file exists, new profile?" (new NotFoundError("Could not open the file at /tmp/rust_mozprofileVsvwGO/search.json.mozlz4", (void 0)))
Missing chrome or resource URL: resource://gre/modules/UpdateListener.jsm
Missing chrome or resource URL: resource://gre/modules/UpdateListener.sys.mjs
console.warn: LoginRecipes: "getRecipes: falling back to a synchronous message for:" "https://application.bnuz.edu.cn"
ATTENTION: default value of option mesa_glthread overridden by environment.
JavaScript warning: https://webapi.amap.com/maps?v=2.0&key=fec8fbbe785f9213b170e99c753ca995, line 1: WEBGL_debug_renderer_info is deprecated in Firefox and will be removed. Please use RENDERER.
1663036466682	Marionette	INFO	Stopped listening on port 42881
Missing chrome or resource URL: resource://gre/modules/UpdateListener.jsm
Missing chrome or resource URL: resource://gre/modules/UpdateListener.sys.mjs
console.error: "Error during quit-application-granted: [Exception... \"File error: Not found\"  nsresult: \"0x80520012 (NS_ERROR_FILE_NOT_FOUND)\"  location: \"JS frame :: resource:///modules/BrowserGlue.jsm :: _onQuitApplicationGranted/tasks< :: line 2006\"  data: no]"
JavaScript error: resource://gre/modules/Prompter.jsm, line 1189: NS_ERROR_NOT_AVAILABLE: prompt aborted by user
Sandbox: Unexpected EOF, op 0 flags 00 path /proc/cpuinfo
1663036466925	geckodriver	INFO	Listening on 127.0.0.1:50691
1663036467950	mozrunner::runner	INFO	Running command: "/usr/bin/firefox" "--marionette" "-no-remote" "-profile" "/tmp/rust_mozprofileXymx4O"
1663036468211	Marionette	INFO	Marionette enabled
1663036468213	Marionette	INFO	Listening on port 40843
Read port: 40843
1663036468275	RemoteAgent	WARN	TLS certificate errors will be ignored for this session
console.warn: SearchSettings: "get: No settings file exists, new profile?" (new NotFoundError("Could not open the file at /tmp/rust_mozprofileXymx4O/search.json.mozlz4", (void 0)))
Missing chrome or resource URL: resource://gre/modules/UpdateListener.jsm
Missing chrome or resource URL: resource://gre/modules/UpdateListener.sys.mjs
console.warn: LoginRecipes: "getRecipes: falling back to a synchronous message for:" "https://application.bnuz.edu.cn"
ATTENTION: default value of option mesa_glthread overridden by environment.
JavaScript warning: https://webapi.amap.com/maps?v=2.0&key=fec8fbbe785f9213b170e99c753ca995, line 1: WEBGL_debug_renderer_info is deprecated in Firefox and will be removed. Please use RENDERER.
1663036476602	Marionette	INFO	Stopped listening on port 40843
Missing chrome or resource URL: resource://gre/modules/UpdateListener.jsm
Missing chrome or resource URL: resource://gre/modules/UpdateListener.sys.mjs
console.error: "Error during quit-application-granted: [Exception... \"File error: Not found\"  nsresult: \"0x80520012 (NS_ERROR_FILE_NOT_FOUND)\"  location: \"JS frame :: resource:///modules/BrowserGlue.jsm :: _onQuitApplicationGranted/tasks< :: line 2006\"  data: no]"
JavaScript error: resource://gre/modules/Prompter.jsm, line 1189: NS_ERROR_NOT_AVAILABLE: prompt aborted by user
1663036569487	geckodriver	INFO	Listening on 127.0.0.1:34815
1663036569523	mozrunner::runner	INFO	Running command: "/usr/bin/firefox" "--marionette" "-no-remote" "-profile" "/tmp/rust_mozprofileKTj6fy"
1663036569779	Marionette	INFO	Marionette enabled
1663036569781	Marionette	INFO	Listening on port 40967
Read port: 40967
1663036569886	RemoteAgent	WARN	TLS certificate errors will be ignored for this session
console.warn: SearchSettings: "get: No settings file exists, new profile?" (new NotFoundError("Could not open the file at /tmp/rust_mozprofileKTj6fy/search.json.mozlz4", (void 0)))
Missing chrome or resource URL: resource://gre/modules/UpdateListener.jsm
Missing chrome or resource URL: resource://gre/modules/UpdateListener.sys.mjs
console.warn: LoginRecipes: "getRecipes: falling back to a synchronous message for:" "https://application.bnuz.edu.cn"
JavaScript error: https://application.bnuz.edu.cn/login/doLoginByReport, line 787: ReferenceError: AMap is not defined
1663036578497	Marionette	INFO	Stopped listening on port 40967
Missing chrome or resource URL: resource://gre/modules/UpdateListener.jsm
Missing chrome or resource URL: resource://gre/modules/UpdateListener.sys.mjs
console.error: "Error during quit-application-granted: [Exception... \"File error: Not found\"  nsresult: \"0x80520012 (NS_ERROR_FILE_NOT_FOUND)\"  location: \"JS frame :: resource:///modules/BrowserGlue.jsm :: _onQuitApplicationGranted/tasks< :: line 2006\"  data: no]"
JavaScript error: resource://gre/modules/Prompter.jsm, line 1189: NS_ERROR_NOT_AVAILABLE: prompt aborted by user
Sandbox: Unexpected EOF, op 0 flags 00 path /proc/cpuinfo
1663036578844	geckodriver	INFO	Listening on 127.0.0.1:38597
1663036579884	mozrunner::runner	INFO	Running command: "/usr/bin/firefox" "--marionette" "-no-remote" "-profile" "/tmp/rust_mozprofilenErDpE"
1663036580153	Marionette	INFO	Marionette enabled
1663036580155	Marionette	INFO	Listening on port 36485
Read port: 36485
1663036580209	RemoteAgent	WARN	TLS certificate errors will be ignored for this session
console.warn: SearchSettings: "get: No settings file exists, new profile?" (new NotFoundError("Could not open the file at /tmp/rust_mozprofilenErDpE/search.json.mozlz4", (void 0)))
Missing chrome or resource URL: resource://gre/modules/UpdateListener.jsm
Missing chrome or resource URL: resource://gre/modules/UpdateListener.sys.mjs
console.warn: LoginRecipes: "getRecipes: falling back to a synchronous message for:" "https://application.bnuz.edu.cn"
JavaScript error: https://application.bnuz.edu.cn/login/doLoginByReport, line 787: ReferenceError: AMap is not defined
1663036589899	Marionette	INFO	Stopped listening on port 36485
Missing chrome or resource URL: resource://gre/modules/UpdateListener.jsm
Missing chrome or resource URL: resource://gre/modules/UpdateListener.sys.mjs
console.error: "Error during quit-application-granted: [Exception... \"File error: Not found\"  nsresult: \"0x80520012 (NS_ERROR_FILE_NOT_FOUND)\"  location: \"JS frame :: resource:///modules/BrowserGlue.jsm :: _onQuitApplicationGranted/tasks< :: line 2006\"  data: no]"
JavaScript error: resource://gre/modules/Prompter.jsm, line 1189: NS_ERROR_NOT_AVAILABLE: prompt aborted by user
1663036590305	geckodriver	INFO	Listening on 127.0.0.1:54155
1663036590328	mozrunner::runner	INFO	Running command: "/usr/bin/firefox" "--marionette" "-no-remote" "-profile" "/tmp/rust_mozprofile0qRF3w"
1663036590602	Marionette	INFO	Marionette enabled
1663036590603	Marionette	INFO	Listening on port 46373
Read port: 46373
1663036590662	RemoteAgent	WARN	TLS certificate errors will be ignored for this session
console.warn: SearchSettings: "get: No settings file exists, new profile?" (new NotFoundError("Could not open the file at /tmp/rust_mozprofile0qRF3w/search.json.mozlz4", (void 0)))
Missing chrome or resource URL: resource://gre/modules/UpdateListener.jsm
Missing chrome or resource URL: resource://gre/modules/UpdateListener.sys.mjs
console.warn: LoginRecipes: "getRecipes: falling back to a synchronous message for:" "https://application.bnuz.edu.cn"
JavaScript error: https://application.bnuz.edu.cn/login/doLoginByReport, line 674: ReferenceError: AMap is not defined
1663036600345	Marionette	INFO	Stopped listening on port 46373
Missing chrome or resource URL: resource://gre/modules/UpdateListener.jsm
Missing chrome or resource URL: resource://gre/modules/UpdateListener.sys.mjs
console.error: "Error during quit-application-granted: [Exception... \"File error: Not found\"  nsresult: \"0x80520012 (NS_ERROR_FILE_NOT_FOUND)\"  location: \"JS frame :: resource:///modules/BrowserGlue.jsm :: _onQuitApplicationGranted/tasks< :: line 2006\"  data: no]"
JavaScript error: resource://gre/modules/Prompter.jsm, line 1189: NS_ERROR_NOT_AVAILABLE: prompt aborted by user
Sandbox: Unexpected EOF, op 0 flags 00 path /proc/cpuinfo
1663036600589	geckodriver	INFO	Listening on 127.0.0.1:41843
1663036600627	mozrunner::runner	INFO	Running command: "/usr/bin/firefox" "--marionette" "-no-remote" "-profile" "/tmp/rust_mozprofilemmOlY5"
1663036600906	Marionette	INFO	Marionette enabled
1663036600908	Marionette	INFO	Listening on port 39575
Read port: 39575
1663036600962	RemoteAgent	WARN	TLS certificate errors will be ignored for this session
console.warn: SearchSettings: "get: No settings file exists, new profile?" (new NotFoundError("Could not open the file at /tmp/rust_mozprofilemmOlY5/search.json.mozlz4", (void 0)))
Missing chrome or resource URL: resource://gre/modules/UpdateListener.jsm
Missing chrome or resource URL: resource://gre/modules/UpdateListener.sys.mjs
console.warn: LoginRecipes: "getRecipes: falling back to a synchronous message for:" "https://application.bnuz.edu.cn"
JavaScript error: https://application.bnuz.edu.cn/login/doLoginByReport, line 787: ReferenceError: AMap is not defined
1663036609835	Marionette	INFO	Stopped listening on port 39575
Missing chrome or resource URL: resource://gre/modules/UpdateListener.jsm
Missing chrome or resource URL: resource://gre/modules/UpdateListener.sys.mjs
console.error: "Error during quit-application-granted: [Exception... \"File error: Not found\"  nsresult: \"0x80520012 (NS_ERROR_FILE_NOT_FOUND)\"  location: \"JS frame :: resource:///modules/BrowserGlue.jsm :: _onQuitApplicationGranted/tasks< :: line 2006\"  data: no]"
JavaScript error: resource://gre/modules/Prompter.jsm, line 1189: NS_ERROR_NOT_AVAILABLE: prompt aborted by user
1663036610078	geckodriver	INFO	Listening on 127.0.0.1:50855
1663036610101	mozrunner::runner	INFO	Running command: "/usr/bin/firefox" "--marionette" "-no-remote" "-profile" "/tmp/rust_mozprofileOkjF4n"
1663036610380	Marionette	INFO	Marionette enabled
1663036610382	Marionette	INFO	Listening on port 36401
Read port: 36401
1663036610435	RemoteAgent	WARN	TLS certificate errors will be ignored for this session
console.warn: SearchSettings: "get: No settings file exists, new profile?" (new NotFoundError("Could not open the file at /tmp/rust_mozprofileOkjF4n/search.json.mozlz4", (void 0)))
Missing chrome or resource URL: resource://gre/modules/UpdateListener.jsm
Missing chrome or resource URL: resource://gre/modules/UpdateListener.sys.mjs
console.warn: LoginRecipes: "getRecipes: falling back to a synchronous message for:" "https://application.bnuz.edu.cn"
JavaScript error: https://application.bnuz.edu.cn/login/doLoginByReport, line 789: ReferenceError: AMap is not defined
1663036620055	Marionette	INFO	Stopped listening on port 36401
Missing chrome or resource URL: resource://gre/modules/UpdateListener.jsm
Missing chrome or resource URL: resource://gre/modules/UpdateListener.sys.mjs
console.error: "Error during quit-application-granted: [Exception... \"File error: Not found\"  nsresult: \"0x80520012 (NS_ERROR_FILE_NOT_FOUND)\"  location: \"JS frame :: resource:///modules/BrowserGlue.jsm :: _onQuitApplicationGranted/tasks< :: line 2006\"  data: no]"
JavaScript error: resource://gre/modules/Prompter.jsm, line 1189: NS_ERROR_NOT_AVAILABLE: prompt aborted by user
1663036637790	geckodriver	INFO	Listening on 127.0.0.1:52519
1663036637827	mozrunner::runner	INFO	Running command: "/usr/bin/firefox" "--marionette" "-no-remote" "-profile" "/tmp/rust_mozprofilePpbzL3"
1663036638077	Marionette	INFO	Marionette enabled
1663036638079	Marionette	INFO	Listening on port 44573
Read port: 44573
1663036638199	RemoteAgent	WARN	TLS certificate errors will be ignored for this session
console.warn: SearchSettings: "get: No settings file exists, new profile?" (new NotFoundError("Could not open the file at /tmp/rust_mozprofilePpbzL3/search.json.mozlz4", (void 0)))
Missing chrome or resource URL: resource://gre/modules/UpdateListener.jsm
Missing chrome or resource URL: resource://gre/modules/UpdateListener.sys.mjs
console.warn: LoginRecipes: "getRecipes: falling back to a synchronous message for:" "https://application.bnuz.edu.cn"
ATTENTION: default value of option mesa_glthread overridden by environment.
JavaScript warning: https://webapi.amap.com/maps?v=2.0&key=fec8fbbe785f9213b170e99c753ca995, line 1: WEBGL_debug_renderer_info is deprecated in Firefox and will be removed. Please use RENDERER.
1663036646775	Marionette	INFO	Stopped listening on port 44573
Missing chrome or resource URL: resource://gre/modules/UpdateListener.jsm
Missing chrome or resource URL: resource://gre/modules/UpdateListener.sys.mjs
console.error: "Error during quit-application-granted: [Exception... \"File error: Not found\"  nsresult: \"0x80520012 (NS_ERROR_FILE_NOT_FOUND)\"  location: \"JS frame :: resource:///modules/BrowserGlue.jsm :: _onQuitApplicationGranted/tasks< :: line 2006\"  data: no]"
JavaScript error: resource://gre/modules/Prompter.jsm, line 1189: NS_ERROR_NOT_AVAILABLE: prompt aborted by user
Sandbox: Unexpected EOF, op 0 flags 00 path /proc/cpuinfo
1663036647020	geckodriver	INFO	Listening on 127.0.0.1:56313
1663036648060	mozrunner::runner	INFO	Running command: "/usr/bin/firefox" "--marionette" "-no-remote" "-profile" "/tmp/rust_mozprofileLEh16g"
1663036648336	Marionette	INFO	Marionette enabled
1663036648337	Marionette	INFO	Listening on port 45553
Read port: 45553
1663036648391	RemoteAgent	WARN	TLS certificate errors will be ignored for this session
console.warn: SearchSettings: "get: No settings file exists, new profile?" (new NotFoundError("Could not open the file at /tmp/rust_mozprofileLEh16g/search.json.mozlz4", (void 0)))
Missing chrome or resource URL: resource://gre/modules/UpdateListener.jsm
Missing chrome or resource URL: resource://gre/modules/UpdateListener.sys.mjs
console.warn: LoginRecipes: "getRecipes: falling back to a synchronous message for:" "https://application.bnuz.edu.cn"
ATTENTION: default value of option mesa_glthread overridden by environment.
JavaScript warning: https://webapi.amap.com/maps?v=2.0&key=fec8fbbe785f9213b170e99c753ca995, line 1: WEBGL_debug_renderer_info is deprecated in Firefox and will be removed. Please use RENDERER.
1663036657276	Marionette	INFO	Stopped listening on port 45553
Missing chrome or resource URL: resource://gre/modules/UpdateListener.jsm
Missing chrome or resource URL: resource://gre/modules/UpdateListener.sys.mjs
console.error: "Error during quit-application-granted: [Exception... \"File error: Not found\"  nsresult: \"0x80520012 (NS_ERROR_FILE_NOT_FOUND)\"  location: \"JS frame :: resource:///modules/BrowserGlue.jsm :: _onQuitApplicationGranted/tasks< :: line 2006\"  data: no]"
JavaScript error: resource://gre/modules/Prompter.jsm, line 1189: NS_ERROR_NOT_AVAILABLE: prompt aborted by user
1663036657620	geckodriver	INFO	Listening on 127.0.0.1:39053
1663036657657	mozrunner::runner	INFO	Running command: "/usr/bin/firefox" "--marionette" "-no-remote" "-profile" "/tmp/rust_mozprofile5NuhXj"
1663036657918	Marionette	INFO	Marionette enabled
1663036657920	Marionette	INFO	Listening on port 38979
Read port: 38979
1663036658022	RemoteAgent	WARN	TLS certificate errors will be ignored for this session
console.warn: SearchSettings: "get: No settings file exists, new profile?" (new NotFoundError("Could not open the file at /tmp/rust_mozprofile5NuhXj/search.json.mozlz4", (void 0)))
Missing chrome or resource URL: resource://gre/modules/UpdateListener.jsm
Missing chrome or resource URL: resource://gre/modules/UpdateListener.sys.mjs
console.error: services.settings: 
  main/query-stripping Signature failed  TypeError: NetworkError: Network request failed
console.warn: LoginRecipes: "getRecipes: falling back to a synchronous message for:" "https://application.bnuz.edu.cn"
ATTENTION: default value of option mesa_glthread overridden by environment.
JavaScript warning: https://webapi.amap.com/maps?v=2.0&key=fec8fbbe785f9213b170e99c753ca995, line 1: WEBGL_debug_renderer_info is deprecated in Firefox and will be removed. Please use RENDERER.
console.error: services.settings: 
  main/partitioning-exempt-urls Signature failed  TypeError: NetworkError: Network request failed
1663036667470	Marionette	INFO	Stopped listening on port 38979
Missing chrome or resource URL: resource://gre/modules/UpdateListener.jsm
Missing chrome or resource URL: resource://gre/modules/UpdateListener.sys.mjs
console.error: "Error during quit-application-granted: [Exception... \"File error: Not found\"  nsresult: \"0x80520012 (NS_ERROR_FILE_NOT_FOUND)\"  location: \"JS frame :: resource:///modules/BrowserGlue.jsm :: _onQuitApplicationGranted/tasks< :: line 2006\"  data: no]"
JavaScript error: resource://gre/modules/Prompter.jsm, line 1189: NS_ERROR_NOT_AVAILABLE: prompt aborted by user
1663036667715	geckodriver	INFO	Listening on 127.0.0.1:42115
1663036668754	mozrunner::runner	INFO	Running command: "/usr/bin/firefox" "--marionette" "-no-remote" "-profile" "/tmp/rust_mozprofilemfijIj"
1663036669033	Marionette	INFO	Marionette enabled
1663036669035	Marionette	INFO	Listening on port 40825
Read port: 40825
1663036669088	RemoteAgent	WARN	TLS certificate errors will be ignored for this session
console.warn: SearchSettings: "get: No settings file exists, new profile?" (new NotFoundError("Could not open the file at /tmp/rust_mozprofilemfijIj/search.json.mozlz4", (void 0)))
Missing chrome or resource URL: resource://gre/modules/UpdateListener.jsm
Missing chrome or resource URL: resource://gre/modules/UpdateListener.sys.mjs
console.error: services.settings: 
  main/query-stripping Signature failed  TypeError: NetworkError: Network request failed
console.warn: LoginRecipes: "getRecipes: falling back to a synchronous message for:" "https://application.bnuz.edu.cn"
ATTENTION: default value of option mesa_glthread overridden by environment.
JavaScript warning: https://webapi.amap.com/maps?v=2.0&key=fec8fbbe785f9213b170e99c753ca995, line 1: WEBGL_debug_renderer_info is deprecated in Firefox and will be removed. Please use RENDERER.
console.error: services.settings: 
  main/partitioning-exempt-urls Signature failed  TypeError: NetworkError: Network request failed
1663036678001	Marionette	INFO	Stopped listening on port 40825
Missing chrome or resource URL: resource://gre/modules/UpdateListener.jsm
Missing chrome or resource URL: resource://gre/modules/UpdateListener.sys.mjs
console.error: "Error during quit-application-granted: [Exception... \"File error: Not found\"  nsresult: \"0x80520012 (NS_ERROR_FILE_NOT_FOUND)\"  location: \"JS frame :: resource:///modules/BrowserGlue.jsm :: _onQuitApplicationGranted/tasks< :: line 2006\"  data: no]"
JavaScript error: resource://gre/modules/Prompter.jsm, line 1189: NS_ERROR_NOT_AVAILABLE: prompt aborted by user
Sandbox: Unexpected EOF, op 0 flags 00 path /proc/cpuinfo
1663036678245	geckodriver	INFO	Listening on 127.0.0.1:36923
1663036679284	mozrunner::runner	INFO	Running command: "/usr/bin/firefox" "--marionette" "-no-remote" "-profile" "/tmp/rust_mozprofileCZcsPj"
1663036679554	Marionette	INFO	Marionette enabled
1663036679556	Marionette	INFO	Listening on port 34697
Read port: 34697
1663036679610	RemoteAgent	WARN	TLS certificate errors will be ignored for this session
console.warn: SearchSettings: "get: No settings file exists, new profile?" (new NotFoundError("Could not open the file at /tmp/rust_mozprofileCZcsPj/search.json.mozlz4", (void 0)))
Missing chrome or resource URL: resource://gre/modules/UpdateListener.jsm
Missing chrome or resource URL: resource://gre/modules/UpdateListener.sys.mjs
console.error: services.settings: 
  main/query-stripping Signature failed  TypeError: NetworkError: Network request failed
console.warn: LoginRecipes: "getRecipes: falling back to a synchronous message for:" "https://application.bnuz.edu.cn"
ATTENTION: default value of option mesa_glthread overridden by environment.
JavaScript warning: https://webapi.amap.com/maps?v=2.0&key=fec8fbbe785f9213b170e99c753ca995, line 1: WEBGL_debug_renderer_info is deprecated in Firefox and will be removed. Please use RENDERER.
console.error: services.settings: 
  main/partitioning-exempt-urls Signature failed  TypeError: NetworkError: Network request failed
1663036688552	Marionette	INFO	Stopped listening on port 34697
Missing chrome or resource URL: resource://gre/modules/UpdateListener.jsm
Missing chrome or resource URL: resource://gre/modules/UpdateListener.sys.mjs
console.error: "Error during quit-application-granted: [Exception... \"File error: Not found\"  nsresult: \"0x80520012 (NS_ERROR_FILE_NOT_FOUND)\"  location: \"JS frame :: resource:///modules/BrowserGlue.jsm :: _onQuitApplicationGranted/tasks< :: line 2006\"  data: no]"
JavaScript error: resource://gre/modules/Prompter.jsm, line 1189: NS_ERROR_NOT_AVAILABLE: prompt aborted by user
Sandbox: Unexpected EOF, op 0 flags 00 path /proc/cpuinfo
